SF:goes_api/__init__.py
DA:17,1
DA:18,1
DA:19,1
DA:28,1
DA:34,1
DA:35,1
DA:49,1
DA:54,1
DA:64,1
LF:9
LH:9
end_of_record
SF:goes_api/_version.py
DA:3,0
DA:4,0
DA:5,0
DA:6,0
DA:8,0
DA:10,0
DA:11,0
DA:12,0
DA:13,0
DA:15,0
DA:16,0
LF:11
LH:0
end_of_record
SF:goes_api/abi_area.py
DA:18,0
DA:21,0
DA:24,0
DA:26,0
DA:28,0
DA:29,0
DA:30,0
DA:31,0
DA:33,0
DA:35,0
DA:36,0
DA:37,0
DA:40,0
DA:42,0
DA:43,0
DA:44,0
DA:45,0
DA:46,0
DA:47,0
DA:48,0
DA:50,0
DA:54,0
DA:55,0
DA:58,0
DA:60,0
DA:61,0
DA:73,0
DA:74,0
DA:87,0
DA:88,0
DA:91,0
DA:96,0
DA:97,0
DA:98,0
DA:99,0
DA:101,0
DA:102,0
DA:103,0
DA:104,0
DA:105,0
DA:106,0
DA:107,0
DA:108,0
DA:110,0
DA:111,0
DA:114,0
DA:116,0
DA:117,0
DA:126,0
DA:127,0
DA:137,0
DA:138,0
DA:141,0
DA:144,0
DA:146,0
DA:147,0
DA:148,0
DA:150,0
DA:151,0
DA:152,0
LF:60
LH:0
FN:24,37,get_abi_shape
FNDA:0,get_abi_shape
FN:40,55,get_abi_fixed_grid_extent
FNDA:0,get_abi_fixed_grid_extent
FN:58,88,get_abi_fixed_grid_projection
FNDA:0,get_abi_fixed_grid_projection
FN:91,111,get_abi_fixed_grid_area
FNDA:0,get_abi_fixed_grid_area
FN:114,138,get_orbital_parameters
FNDA:0,get_orbital_parameters
FN:141,152,get_abi_dataarray
FNDA:0,get_abi_dataarray
FNF:6
FNH:0
end_of_record
SF:goes_api/abi_pixel_time.py
DA:18,0
DA:19,0
DA:21,0
DA:22,0
DA:24,0
DA:30,0
DA:43,0
DA:45,0
DA:56,0
DA:59,0
DA:62,0
DA:63,0
DA:64,0
DA:65,0
DA:66,0
DA:67,0
DA:70,0
DA:71,0
DA:72,0
DA:73,0
DA:74,0
DA:75,0
DA:78,0
DA:80,0
DA:83,0
DA:86,0
DA:87,0
DA:90,0
DA:93,0
DA:94,0
DA:95,0
DA:96,0
DA:97,0
DA:98,0
DA:101,0
DA:102,0
DA:105,0
DA:106,0
DA:107,0
DA:108,0
DA:109,0
DA:110,0
DA:111,0
DA:112,0
DA:113,0
DA:115,0
DA:118,0
DA:119,0
DA:120,0
DA:121,0
DA:122,0
DA:123,0
DA:124,0
DA:125,0
DA:127,0
DA:130,0
DA:132,0
DA:143,0
DA:146,0
DA:149,0
DA:150,0
DA:151,0
DA:152,0
DA:153,0
DA:156,0
DA:159,0
DA:160,0
DA:161,0
DA:164,0
DA:167,0
DA:168,0
DA:169,0
DA:170,0
DA:172,0
DA:175,0
DA:177,0
DA:178,0
DA:181,0
DA:202,0
DA:204,0
DA:205,0
DA:206,0
DA:207,0
DA:208,0
DA:209,0
DA:210,0
DA:212,0
DA:213,0
DA:219,0
DA:220,0
DA:221,0
DA:222,0
DA:223,0
DA:224,0
DA:229,0
DA:230,0
DA:235,0
DA:236,0
DA:237,0
DA:242,0
DA:249,0
DA:250,0
DA:253,0
DA:260,0
DA:261,0
DA:262,0
DA:263,0
DA:264,0
DA:267,0
DA:268,0
DA:269,0
DA:272,0
LF:112
LH:0
FN:43,56,_get_lut_dict
FNDA:0,_get_lut_dict
FN:59,87,_get_lut_filepath
FNDA:0,_get_lut_filepath
FN:90,132,_get_native_pixel_time_offset
FNDA:0,_get_native_pixel_time_offset
FN:143,153,get_lut_filepath
FNDA:0,get_lut_filepath
FN:156,172,get_pixel_time_offset
FNDA:0,get_pixel_time_offset
FN:175,272,get_abi_pixel_time
FNDA:0,get_abi_pixel_time
FNF:6
FNH:0
end_of_record
SF:goes_api/abi_utils.py
DA:19,0
DA:20,0
DA:21,0
DA:22,0
DA:23,0
DA:24,0
DA:25,0
DA:26,0
DA:28,0
DA:29,0
DA:32,0
DA:33,0
DA:34,0
DA:35,0
DA:36,0
DA:37,0
DA:38,0
DA:39,0
DA:41,0
DA:42,0
DA:45,0
DA:46,0
DA:47,0
DA:48,0
DA:49,0
DA:50,0
DA:51,0
DA:52,0
DA:53,0
DA:54,0
DA:55,0
DA:56,0
DA:57,0
DA:59,0
DA:60,0
DA:63,0
DA:64,0
DA:65,0
DA:68,0
DA:69,0
DA:71,0
DA:72,0
DA:73,0
DA:74,0
DA:76,0
DA:78,0
DA:79,0
DA:80,0
LF:48
LH:0
FN:19,29,get_scan_mode_from_attrs
FNDA:0,get_scan_mode_from_attrs
FN:32,42,get_sector_from_attrs
FNDA:0,get_sector_from_attrs
FN:45,60,get_resolution_from_str
FNDA:0,get_resolution_from_str
FN:63,65,get_resolution_from_attrs
FNDA:0,get_resolution_from_attrs
FN:68,80,get_abi_shape
FNDA:0,get_abi_shape
FNF:5
FNH:0
end_of_record
SF:goes_api/alias.py
DA:18,1
DA:21,1
DA:24,1
DA:32,1
DA:39,1
LF:5
LH:5
end_of_record
SF:goes_api/checks.py
DA:18,1
DA:19,1
DA:21,1
DA:23,1
DA:26,1
DA:28,0
DA:29,0
DA:30,0
DA:31,0
DA:32,0
DA:33,0
DA:34,0
DA:35,0
DA:38,1
DA:40,0
DA:41,0
DA:44,1
DA:46,0
DA:47,0
DA:48,0
DA:49,0
DA:50,0
DA:51,0
DA:52,0
DA:53,0
DA:56,1
DA:58,0
DA:59,0
DA:61,0
DA:62,0
DA:63,0
DA:64,0
DA:65,0
DA:66,0
DA:67,0
DA:68,0
DA:69,0
DA:72,1
DA:74,0
DA:76,0
DA:77,0
DA:78,0
DA:79,0
DA:80,0
DA:81,0
DA:82,0
DA:83,0
DA:85,0
DA:86,0
DA:87,0
DA:88,0
DA:89,0
DA:91,0
DA:92,0
DA:93,0
DA:95,0
DA:96,0
DA:97,0
DA:98,0
DA:99,0
DA:102,1
DA:104,0
DA:106,0
DA:107,0
DA:108,0
DA:109,0
DA:110,0
DA:111,0
DA:112,0
DA:115,1
DA:117,0
DA:118,0
DA:119,0
DA:120,0
DA:123,1
DA:125,0
DA:127,0
DA:128,0
DA:129,0
DA:130,0
DA:131,0
DA:132,0
DA:133,0
DA:134,0
DA:137,0
DA:140,1
DA:142,0
DA:143,0
DA:144,0
DA:145,0
DA:148,1
DA:150,0
DA:152,0
DA:153,0
DA:154,0
DA:156,0
DA:157,0
DA:158,0
DA:159,0
DA:160,0
DA:161,0
DA:162,0
DA:163,0
DA:164,0
DA:165,0
DA:166,0
DA:167,0
DA:170,1
DA:173,0
DA:175,0
DA:176,0
DA:179,1
DA:181,0
DA:182,0
DA:186,0
DA:187,0
DA:189,0
DA:190,0
DA:191,0
DA:192,0
DA:193,0
DA:194,0
DA:195,0
DA:199,0
DA:200,0
DA:203,1
DA:205,0
DA:206,0
DA:207,0
DA:208,0
DA:209,0
DA:212,1
DA:215,0
DA:216,0
DA:218,0
DA:219,0
DA:221,0
DA:222,0
DA:227,0
DA:230,1
DA:233,0
DA:234,0
DA:235,0
DA:238,1
DA:240,0
DA:241,0
DA:242,0
DA:243,0
DA:246,1
DA:248,0
DA:249,0
DA:250,0
DA:251,0
DA:252,0
DA:255,1
DA:257,0
DA:258,0
DA:260,0
DA:261,0
DA:262,0
DA:264,0
DA:265,0
DA:266,0
DA:267,0
DA:268,0
DA:269,0
DA:270,0
DA:271,0
DA:272,0
DA:275,1
DA:277,0
DA:278,0
DA:279,0
DA:280,0
DA:281,0
DA:282,0
DA:283,0
DA:284,0
DA:285,0
DA:288,1
DA:290,0
DA:292,0
DA:293,0
DA:295,0
DA:296,0
DA:297,0
DA:298,0
DA:299,0
DA:302,1
DA:304,0
DA:305,0
DA:306,0
DA:307,0
DA:308,0
DA:309,0
DA:310,0
DA:311,0
DA:312,0
DA:315,1
DA:317,0
DA:318,0
DA:319,0
DA:320,0
DA:321,0
DA:322,0
DA:323,0
DA:324,0
DA:325,0
DA:326,0
DA:327,0
DA:328,0
DA:329,0
DA:331,0
DA:332,0
DA:333,0
DA:334,0
DA:337,1
DA:350,0
DA:351,0
DA:352,0
DA:357,1
DA:362,0
DA:363,0
DA:364,0
DA:365,0
DA:366,0
DA:367,0
DA:368,0
DA:369,0
DA:370,0
DA:371,0
DA:372,0
DA:377,0
DA:380,1
DA:382,0
DA:384,0
DA:385,0
DA:386,0
DA:387,0
DA:388,0
DA:389,0
DA:392,0
DA:395,1
DA:397,0
DA:398,0
DA:399,0
DA:400,0
DA:401,0
DA:402,0
DA:403,0
DA:405,0
DA:406,0
DA:407,0
DA:408,0
DA:409,0
DA:410,0
LF:256
LH:30
FN:26,35,_check_protocol
FNDA:0,_check_protocol
FN:38,41,_check_download_protocol
FNDA:0,_check_download_protocol
FN:44,53,_check_base_dir
FNDA:0,_check_base_dir
FN:56,69,_check_satellite
FNDA:0,_check_satellite
FN:72,99,_check_sector
FNDA:0,_check_sector
FN:102,112,_check_sensor
FNDA:0,_check_sensor
FN:115,120,_check_sensors
FNDA:0,_check_sensors
FN:123,137,_check_product_level
FNDA:0,_check_product_level
FN:140,145,_check_product_levels
FNDA:0,_check_product_levels
FN:148,167,_check_product
FNDA:0,_check_product
FN:170,176,_round_datetime_to_nearest_minute
FNDA:0,_round_datetime_to_nearest_minute
FN:179,200,_check_time
FNDA:0,_check_time
FN:203,209,check_date
FNDA:0,check_date
FN:212,227,_check_start_end_time
FNDA:0,_check_start_end_time
FN:230,235,_check_year_month
FNDA:0,_check_year_month
FN:238,243,_check_month
FNDA:0,_check_month
FN:246,252,_check_year
FNDA:0,_check_year
FN:255,272,_check_channel
FNDA:0,_check_channel
FN:275,285,_check_channels
FNDA:0,_check_channels
FN:288,299,_check_scan_mode
FNDA:0,_check_scan_mode
FN:302,312,_check_scan_modes
FNDA:0,_check_scan_modes
FN:315,334,_check_scene_abbr
FNDA:0,_check_scene_abbr
FN:337,354,_check_system_environment
FNDA:0,_check_system_environment
FN:357,377,_check_filter_parameters
FNDA:0,_check_filter_parameters
FN:380,392,_check_group_by_key
FNDA:0,_check_group_by_key
FN:395,410,_check_connection_type
FNDA:0,_check_connection_type
FNF:26
FNH:0
end_of_record
SF:goes_api/configs.py
DA:7,1
DA:8,1
DA:10,1
DA:13,1
DA:15,0
DA:16,0
DA:17,0
DA:20,1
DA:22,0
DA:23,0
DA:26,1
DA:46,0
DA:47,0
DA:50,0
DA:53,0
DA:56,0
DA:58,0
DA:61,1
DA:82,0
DA:84,0
DA:85,0
DA:86,0
DA:90,0
DA:91,0
DA:95,1
DA:97,0
DA:98,0
DA:99,0
DA:102,1
DA:104,0
LF:30
LH:9
FN:13,17,_read_yaml_file
FNDA:0,_read_yaml_file
FN:20,23,_write_yaml_file
FNDA:0,_write_yaml_file
FN:26,58,define_goes_api_configs
FNDA:0,define_goes_api_configs
FN:61,91,read_goes_api_configs
FNDA:0,read_goes_api_configs
FN:95,99,_get_config_key
FNDA:0,_get_config_key
FN:102,104,get_goes_base_dir
FNDA:0,get_goes_base_dir
FNF:6
FNH:0
end_of_record
SF:goes_api/download.py
DA:18,1
DA:19,1
DA:20,1
DA:21,1
DA:22,1
DA:24,1
DA:25,1
DA:26,1
DA:28,1
DA:36,1
DA:37,1
DA:38,1
DA:39,1
DA:46,1
DA:51,1
DA:53,0
DA:56,1
DA:82,0
DA:83,0
DA:84,0
DA:85,0
DA:86,0
DA:87,0
DA:88,0
DA:89,0
DA:90,0
DA:91,0
DA:92,0
DA:93,0
DA:94,0
DA:96,0
DA:97,0
DA:98,0
DA:99,0
DA:100,0
DA:103,1
DA:106,0
DA:107,0
DA:108,0
DA:109,0
DA:112,1
DA:114,0
DA:115,0
DA:116,0
DA:119,1
DA:121,0
DA:122,0
DA:123,0
DA:126,1
DA:145,0
DA:146,0
DA:150,0
DA:151,0
DA:152,0
DA:153,0
DA:154,0
DA:159,0
DA:160,0
DA:162,0
DA:163,0
DA:165,0
DA:166,0
DA:167,0
DA:168,0
DA:171,0
DA:174,1
DA:176,0
DA:177,0
DA:178,0
DA:181,1
DA:183,0
DA:184,0
DA:185,0
DA:188,1
DA:191,0
DA:193,0
DA:194,0
DA:196,0
DA:197,0
DA:199,0
DA:200,0
DA:201,0
DA:202,0
DA:203,0
DA:204,0
DA:207,1
DA:210,1
DA:212,0
DA:213,0
DA:214,0
DA:217,0
DA:218,0
DA:219,0
DA:220,0
DA:221,0
DA:222,0
DA:223,0
DA:224,0
DA:226,0
DA:227,0
DA:228,0
DA:230,1
DA:234,1
DA:235,1
DA:236,1
DA:314,0
DA:316,0
DA:317,0
DA:318,0
DA:319,0
DA:320,0
DA:323,0
DA:327,0
DA:330,0
DA:332,0
DA:333,0
DA:334,0
DA:337,0
DA:338,0
DA:339,0
DA:340,0
DA:342,0
DA:360,0
DA:361,0
DA:362,0
DA:365,0
DA:372,0
DA:373,0
DA:376,0
DA:379,0
DA:380,0
DA:386,0
DA:387,0
DA:388,0
DA:389,0
DA:392,0
DA:395,0
DA:396,0
DA:399,0
DA:407,0
DA:408,0
DA:409,0
DA:410,0
DA:413,0
DA:414,0
DA:415,0
DA:416,0
DA:417,0
DA:420,0
DA:421,0
DA:422,0
DA:423,0
DA:429,0
DA:430,0
DA:431,0
DA:432,0
DA:435,0
DA:441,1
DA:517,0
DA:519,0
DA:532,0
DA:550,0
DA:553,1
DA:639,0
DA:641,0
DA:654,0
DA:674,0
DA:677,1
DA:767,0
DA:769,0
DA:785,0
DA:786,0
DA:787,0
DA:790,0
DA:808,0
DA:809,0
DA:810,0
DA:813,1
DA:902,0
DA:904,0
DA:920,0
DA:921,0
DA:922,0
DA:924,0
DA:942,0
DA:943,0
DA:944,0
DA:948,1
DA:1021,0
DA:1023,0
DA:1024,0
DA:1025,0
DA:1026,0
DA:1044,0
DA:1047,1
DA:1115,0
DA:1117,0
DA:1118,0
DA:1119,0
DA:1137,0
LF:200
LH:35
FN:51,53,create_local_directories
FNDA:0,create_local_directories
FN:56,100,remove_corrupted_files
FNDA:0,remove_corrupted_files
FN:103,109,_select_missing_fpaths
FNDA:0,_select_missing_fpaths
FN:112,116,_remove_bucket_address
FNDA:0,_remove_bucket_address
FN:119,123,_get_local_from_bucket_fpaths
FNDA:0,_get_local_from_bucket_fpaths
FN:126,171,_fs_get_parallel
FNDA:0,_fs_get_parallel
FN:174,178,_get_end_of_day
FNDA:0,_get_end_of_day
FN:181,185,_get_start_of_day
FNDA:0,_get_start_of_day
FN:188,204,_get_list_daily_time_blocks
FNDA:0,_get_list_daily_time_blocks
FN:207,230,_enable_multiple_products
FNDA:1,_enable_multiple_products
FN:210,228,_enable_multiple_products.decorator
FNDA:0,_enable_multiple_products.decorator
FN:236,435,download_files
FNDA:0,download_files
FN:441,550,download_closest_files
FNDA:0,download_closest_files
FN:553,674,download_latest_files
FNDA:0,download_latest_files
FN:677,810,download_previous_files
FNDA:0,download_previous_files
FN:813,944,download_next_files
FNDA:0,download_next_files
FN:948,1044,download_monthly_files
FNDA:0,download_monthly_files
FN:1047,1137,download_daily_files
FNDA:0,download_daily_files
FNF:18
FNH:1
end_of_record
SF:goes_api/explore.py
DA:17,1
DA:18,1
DA:20,1
DA:25,1
DA:26,1
DA:29,1
DA:31,0
DA:32,0
DA:33,0
DA:34,0
DA:36,0
DA:37,0
DA:39,0
DA:40,0
DA:42,0
DA:43,0
DA:46,1
DA:64,0
DA:65,0
DA:66,0
DA:69,1
DA:111,0
DA:112,0
DA:113,0
DA:119,0
DA:120,0
DA:121,0
DA:122,0
DA:123,0
DA:124,0
DA:125,0
DA:127,0
DA:128,0
DA:131,1
DA:137,0
DA:139,0
DA:140,0
DA:141,0
DA:142,0
DA:143,0
DA:144,0
DA:147,1
DA:153,0
DA:155,0
DA:186,0
DA:188,0
DA:189,0
DA:190,0
DA:192,0
DA:193,0
DA:194,0
DA:199,0
DA:200,0
LF:53
LH:10
FN:29,43,_get_sat_explorer_path
FNDA:0,_get_sat_explorer_path
FN:46,66,open_explorer
FNDA:0,open_explorer
FN:69,128,open_explorer_dir
FNDA:0,open_explorer_dir
FN:131,144,open_abi_channel_guide
FNDA:0,open_abi_channel_guide
FN:147,200,open_abi_product_guide
FNDA:0,open_abi_product_guide
FNF:5
FNH:0
end_of_record
SF:goes_api/filter.py
DA:18,1
DA:26,1
DA:31,1
DA:32,0
DA:33,0
DA:34,0
DA:35,0
DA:36,0
DA:37,0
DA:38,0
DA:41,1
DA:53,0
DA:54,0
DA:55,0
DA:56,0
DA:57,0
DA:60,0
DA:63,0
DA:65,0
DA:66,0
DA:67,0
DA:68,0
DA:71,0
DA:72,0
DA:73,0
DA:74,0
DA:75,0
DA:78,0
DA:79,0
DA:80,0
DA:81,0
DA:82,0
DA:85,0
DA:86,0
DA:87,0
DA:88,0
DA:89,0
DA:92,0
DA:93,0
DA:94,0
DA:95,0
DA:96,0
DA:99,0
DA:102,0
DA:103,0
DA:104,0
DA:110,0
DA:111,0
DA:113,0
DA:114,0
DA:118,0
DA:121,1
DA:132,0
DA:133,0
DA:134,0
DA:147,0
DA:148,0
DA:151,1
DA:199,0
DA:200,0
DA:201,0
DA:202,0
DA:203,0
DA:204,0
DA:205,0
DA:215,0
LF:66
LH:6
FN:31,38,_ensure_list_if_str
FNDA:0,_ensure_list_if_str
FN:41,118,_filter_file
FNDA:0,_filter_file
FN:121,148,_filter_files
FNDA:0,_filter_files
FN:151,215,filter_files
FNDA:0,filter_files
FNF:4
FNH:0
end_of_record
SF:goes_api/info.py
DA:17,1
DA:18,1
DA:20,1
DA:21,1
DA:23,1
DA:29,1
DA:35,1
DA:49,0
DA:52,0
DA:53,0
DA:55,0
DA:56,0
DA:58,0
DA:60,0
DA:61,0
DA:63,0
DA:65,0
DA:66,0
DA:67,0
DA:68,0
DA:69,0
DA:70,0
DA:71,0
DA:73,0
DA:76,1
DA:83,0
DA:84,0
DA:86,0
DA:87,0
DA:88,0
DA:89,0
DA:90,0
DA:91,0
DA:93,0
DA:94,0
DA:96,0
DA:97,0
DA:98,0
DA:99,0
DA:100,0
DA:101,0
DA:102,0
DA:103,0
DA:105,0
DA:108,1
DA:116,0
DA:118,0
DA:119,0
DA:120,0
DA:121,0
DA:122,0
DA:123,0
DA:126,1
DA:133,0
DA:134,0
DA:135,0
DA:136,0
DA:137,0
DA:138,0
DA:139,0
DA:142,1
DA:150,0
DA:152,0
DA:153,0
DA:154,0
DA:155,0
DA:156,0
DA:157,0
DA:160,1
DA:167,0
DA:171,0
DA:172,0
DA:173,0
DA:174,0
DA:175,0
DA:176,0
DA:183,1
DA:185,0
DA:188,1
DA:190,0
DA:192,0
DA:195,1
DA:197,0
DA:200,1
DA:206,0
DA:207,0
DA:209,0
DA:210,0
DA:211,0
DA:212,0
DA:213,0
DA:214,0
DA:215,0
DA:216,0
DA:219,1
DA:225,0
DA:227,0
DA:228,0
DA:229,0
DA:230,0
DA:231,0
DA:232,0
DA:233,0
DA:236,1
DA:251,0
DA:252,0
DA:255,1
DA:257,0
DA:258,0
DA:261,1
DA:268,0
DA:269,0
DA:270,0
DA:273,1
DA:275,0
DA:287,0
DA:290,1
DA:292,0
DA:299,1
DA:301,0
DA:302,0
DA:303,0
DA:304,0
DA:305,0
DA:306,0
DA:307,0
DA:308,0
DA:309,0
DA:310,0
DA:311,0
DA:312,0
DA:313,0
DA:316,1
DA:318,0
DA:319,0
DA:320,0
DA:321,0
DA:322,0
DA:323,0
DA:326,1
DA:328,0
DA:329,0
DA:330,0
DA:331,0
DA:332,0
DA:333,0
DA:334,0
DA:335,0
DA:336,0
DA:337,0
DA:338,0
DA:339,0
DA:340,0
DA:341,0
DA:344,1
DA:346,0
DA:347,0
DA:348,0
DA:349,0
DA:350,0
DA:351,0
DA:352,0
DA:353,0
DA:354,0
DA:355,0
DA:358,1
DA:360,0
DA:362,0
DA:363,0
DA:365,0
DA:366,0
DA:367,0
DA:370,1
DA:373,0
DA:375,0
DA:376,0
DA:379,1
DA:381,0
DA:384,0
DA:385,0
DA:388,0
DA:391,0
DA:392,0
DA:395,0
DA:396,0
DA:399,0
DA:400,0
DA:403,0
DA:405,0
DA:406,0
DA:407,0
DA:408,0
DA:410,0
DA:411,0
DA:412,0
DA:413,0
DA:414,0
DA:415,0
DA:420,0
DA:421,0
DA:422,0
DA:425,0
DA:426,0
DA:427,0
DA:429,0
DA:430,0
DA:433,0
DA:434,0
DA:435,0
DA:436,0
DA:437,0
DA:438,0
DA:439,0
DA:440,0
DA:441,0
DA:443,0
DA:444,0
DA:447,0
DA:450,1
DA:452,0
DA:453,0
DA:454,0
DA:455,0
DA:458,1
DA:460,0
DA:461,0
DA:462,0
DA:465,1
DA:467,0
DA:468,0
DA:470,0
DA:471,0
DA:478,1
DA:481,0
DA:482,0
DA:484,0
DA:485,0
DA:487,0
DA:489,0
DA:491,0
DA:493,0
DA:494,0
DA:497,1
DA:516,0
DA:517,0
DA:520,0
DA:521,0
DA:522,0
LF:248
LH:34
FN:35,73,get_available_online_product
FNDA:0,get_available_online_product
FN:76,105,get_dict_info_products
FNDA:0,get_dict_info_products
FN:108,123,get_dict_product_sensor
FNDA:0,get_dict_product_sensor
FN:126,139,get_dict_sensor_products
FNDA:0,get_dict_sensor_products
FN:142,157,get_dict_product_product_level
FNDA:0,get_dict_product_product_level
FN:160,176,get_dict_product_level_products
FNDA:0,get_dict_product_level_products
FN:183,185,available_protocols
FNDA:0,available_protocols
FN:188,192,available_sensors
FNDA:0,available_sensors
FN:195,197,available_satellites
FNDA:0,available_satellites
FN:200,216,available_sectors
FNDA:0,available_sectors
FN:219,233,available_product_levels
FNDA:0,available_product_levels
FN:236,252,available_scan_modes
FNDA:0,available_scan_modes
FN:255,258,available_channels
FNDA:0,available_channels
FN:261,270,available_products
FNDA:0,available_products
FN:273,287,available_group_keys
FNDA:0,available_group_keys
FN:290,292,available_connection_types
FNDA:0,available_connection_types
FN:299,313,infer_satellite_from_path
FNDA:0,infer_satellite_from_path
FN:316,323,_infer_product_level
FNDA:0,_infer_product_level
FN:326,341,_infer_sensor
FNDA:0,_infer_sensor
FN:344,355,_infer_satellite
FNDA:0,_infer_satellite
FN:358,367,_separate_product_scene_abbr
FNDA:0,_separate_product_scene_abbr
FN:370,376,_round_datetime_to_nearest_minute
FNDA:0,_round_datetime_to_nearest_minute
FN:379,447,_get_info_from_filename
FNDA:0,_get_info_from_filename
FN:450,455,_get_info_from_filepath
FNDA:0,_get_info_from_filepath
FN:458,462,_get_key_from_filepaths
FNDA:0,_get_key_from_filepaths
FN:465,471,get_key_from_filepaths
FNDA:0,get_key_from_filepaths
FN:478,494,_group_fpaths_by_key
FNDA:0,_group_fpaths_by_key
FN:497,522,group_files
FNDA:0,group_files
FNF:28
FNH:0
end_of_record
SF:goes_api/io.py
DA:18,1
DA:19,1
DA:21,1
DA:22,1
DA:25,1
DA:38,0
DA:39,0
DA:40,0
DA:43,0
DA:44,0
DA:45,0
DA:46,0
DA:49,0
DA:50,0
DA:51,0
DA:52,0
DA:53,0
DA:54,0
DA:55,0
DA:58,1
DA:72,0
DA:85,0
DA:88,1
DA:100,0
DA:105,0
DA:106,0
DA:110,0
DA:111,0
DA:112,0
DA:115,1
DA:127,0
DA:128,0
DA:131,1
DA:133,0
DA:134,0
DA:135,0
DA:136,0
DA:137,0
DA:138,0
DA:140,0
DA:141,0
DA:144,1
DA:146,0
DA:147,0
DA:149,0
DA:150,0
DA:153,1
DA:163,0
DA:164,0
DA:166,0
DA:167,0
DA:168,0
DA:169,0
DA:170,0
DA:171,0
DA:174,1
DA:176,0
DA:177,0
DA:178,0
DA:179,0
DA:182,1
DA:187,0
DA:188,0
DA:189,0
DA:190,0
DA:193,1
DA:195,0
DA:196,0
DA:199,1
DA:201,0
DA:202,0
DA:203,0
DA:204,0
DA:206,0
DA:207,0
DA:208,0
DA:209,0
DA:210,0
DA:211,0
DA:212,0
DA:213,0
DA:214,0
DA:215,0
DA:216,0
DA:217,0
DA:218,0
LF:86
LH:15
FN:25,55,get_filesystem
FNDA:0,get_filesystem
FN:58,85,get_bucket
FNDA:0,get_bucket
FN:88,112,_switch_to_https_fpath
FNDA:0,_switch_to_https_fpath
FN:115,128,_switch_to_https_fpaths
FNDA:0,_switch_to_https_fpaths
FN:131,141,_get_bucket_prefix
FNDA:0,_get_bucket_prefix
FN:144,150,_get_product_name
FNDA:0,_get_product_name
FN:153,171,_get_product_dir
FNDA:0,_get_product_dir
FN:174,179,_dt_to_year_doy_hour
FNDA:0,_dt_to_year_doy_hour
FN:182,190,_get_time_dir_tree
FNDA:0,_get_time_dir_tree
FN:193,196,_add_nc_bytes
FNDA:0,_add_nc_bytes
FN:199,220,_set_connection_type
FNDA:0,_set_connection_type
FNF:11
FNH:0
end_of_record
SF:goes_api/kerchunk.py
DA:18,0
DA:19,0
DA:20,0
DA:21,0
DA:23,0
DA:24,0
DA:26,0
DA:27,0
DA:28,0
DA:31,0
DA:37,0
DA:38,0
DA:39,0
DA:40,0
DA:41,0
DA:42,0
DA:43,0
DA:44,0
DA:47,0
DA:48,0
DA:51,0
DA:52,0
DA:55,0
DA:58,0
DA:59,0
DA:60,0
DA:62,0
DA:63,0
DA:66,0
DA:84,0
DA:85,0
DA:89,0
DA:90,0
DA:91,0
DA:92,0
DA:94,0
DA:104,0
DA:105,0
DA:107,0
DA:108,0
DA:110,0
DA:111,0
DA:112,0
DA:113,0
DA:116,0
DA:119,0
DA:136,0
DA:137,0
DA:138,0
DA:139,0
DA:142,0
DA:143,0
DA:144,0
DA:145,0
DA:146,0
DA:149,0
DA:151,0
DA:153,0
DA:154,0
DA:155,0
DA:158,0
DA:159,0
DA:162,0
DA:180,0
DA:181,0
DA:182,0
DA:183,0
DA:185,0
DA:186,0
DA:189,0
DA:190,0
DA:191,0
DA:207,0
DA:208,0
DA:209,0
DA:210,0
DA:211,0
DA:214,0
DA:217,0
DA:218,0
DA:219,0
DA:220,0
DA:222,0
DA:223,0
DA:225,0
DA:227,0
DA:229,0
DA:231,0
DA:239,0
LF:89
LH:0
FN:31,63,_generate_reference_json
FNDA:0,_generate_reference_json
FN:66,116,_get_parallel_ref
FNDA:0,_get_parallel_ref
FN:119,211,generate_kerchunk_files
FNDA:0,generate_kerchunk_files
FN:214,239,get_reference_mappers
FNDA:0,get_reference_mappers
FNF:4
FNH:0
end_of_record
SF:goes_api/listing.py
DA:17,0
DA:35,0
DA:39,0
DA:71,0
DA:85,0
DA:90,0
DA:100,0
DA:106,0
DA:114,0
DA:118,0
DA:140,0
LF:11
LH:0
end_of_record
SF:goes_api/operations.py
DA:7,1
DA:9,1
DA:12,1
DA:15,1
DA:16,0
DA:17,0
DA:19,0
DA:20,0
DA:21,0
DA:22,0
DA:23,0
DA:24,0
DA:25,0
DA:26,0
DA:27,0
DA:29,1
DA:36,1
DA:37,1
DA:40,0
DA:42,0
DA:43,0
DA:44,0
DA:45,0
DA:50,1
DA:51,1
DA:53,0
DA:54,0
DA:55,0
DA:56,0
DA:61,1
DA:62,1
DA:64,0
DA:65,0
DA:66,0
DA:67,0
DA:68,0
DA:69,0
DA:70,0
DA:71,0
DA:74,1
DA:75,0
DA:76,0
DA:77,0
DA:78,0
DA:81,1
DA:86,0
DA:88,0
DA:89,0
DA:90,0
DA:91,0
DA:93,0
DA:94,0
DA:95,0
DA:96,0
DA:97,0
DA:98,0
DA:99,0
DA:101,0
DA:102,0
DA:105,1
DA:110,0
DA:111,0
DA:113,0
DA:114,0
DA:115,0
DA:116,0
DA:117,0
DA:118,0
DA:119,0
DA:120,0
DA:121,0
DA:122,0
DA:125,1
DA:131,0
DA:132,0
DA:136,0
DA:137,0
DA:138,0
DA:139,0
DA:142,0
DA:143,0
DA:146,0
DA:147,0
DA:148,0
DA:149,0
DA:152,0
DA:153,0
DA:158,0
DA:159,0
DA:162,0
DA:163,0
DA:165,0
DA:167,0
DA:170,1
DA:171,1
DA:177,0
DA:179,0
DA:181,0
DA:182,0
DA:185,1
DA:187,0
DA:189,0
DA:197,0
DA:199,0
DA:202,0
LF:105
LH:18
FN:12,29,_ensure_fpaths_list
FNDA:1,_ensure_fpaths_list
FN:15,27,_ensure_fpaths_list.inner
FNDA:0,_ensure_fpaths_list.inner
FN:37,47,ensure_operational_data
FNDA:0,ensure_operational_data
FN:51,58,ensure_data_availability
FNDA:0,ensure_data_availability
FN:62,71,ensure_fixed_scan_mode
FNDA:0,ensure_fixed_scan_mode
FN:74,78,_raise_missing_data_error
FNDA:0,_raise_missing_data_error
FN:81,102,_ensure_not_missing_abi_acquisitions
FNDA:0,_ensure_not_missing_abi_acquisitions
FN:105,122,_ensure_not_missing_acquisitions
FNDA:0,_ensure_not_missing_acquisitions
FN:125,167,ensure_time_period_is_covered
FNDA:0,ensure_time_period_is_covered
FN:171,182,ensure_all_files
FNDA:0,ensure_all_files
FN:185,202,ensure_fpaths_validity
FNDA:0,ensure_fpaths_validity
FNF:11
FNH:1
end_of_record
SF:goes_api/query.py
DA:17,0
DA:20,0
DA:21,0
DA:24,0
DA:25,0
DA:28,0
DA:29,0
DA:32,0
DA:33,0
DA:36,0
DA:37,0
DA:40,0
DA:41,0
DA:44,0
DA:45,0
DA:48,0
DA:49,0
DA:52,0
DA:53,0
DA:56,0
DA:57,0
DA:60,0
DA:61,0
DA:64,0
DA:65,0
LF:25
LH:0
FN:20,21,system_environment
FNDA:0,system_environment
FN:24,25,sensor
FNDA:0,sensor
FN:28,29,product_level
FNDA:0,product_level
FN:32,33,product
FNDA:0,product
FN:36,37,sector
FNDA:0,sector
FN:40,41,scene_abbr
FNDA:0,scene_abbr
FN:44,45,scan_mode
FNDA:0,scan_mode
FN:48,49,channel
FNDA:0,channel
FN:52,53,platform_shortname
FNDA:0,platform_shortname
FN:56,57,start_time
FNDA:0,start_time
FN:60,61,end_time
FNDA:0,end_time
FN:64,65,satellite
FNDA:0,satellite
FNF:12
FNH:0
end_of_record
SF:goes_api/search.py
DA:18,1
DA:19,1
DA:21,1
DA:23,1
DA:37,1
DA:38,1
DA:39,1
DA:40,1
DA:47,1
DA:59,1
DA:61,0
DA:62,0
DA:63,0
DA:64,0
DA:65,0
DA:66,0
DA:68,0
DA:69,0
DA:72,1
DA:75,1
DA:77,0
DA:78,0
DA:79,0
DA:82,0
DA:83,0
DA:84,0
DA:85,0
DA:86,0
DA:87,0
DA:88,0
DA:89,0
DA:90,0
DA:91,0
DA:92,0
DA:94,0
DA:96,0
DA:97,0
DA:99,0
DA:100,0
DA:101,0
DA:102,0
DA:104,1
DA:107,1
DA:108,1
DA:193,0
DA:194,0
DA:197,0
DA:199,0
DA:201,0
DA:202,0
DA:206,0
DA:207,0
DA:208,0
DA:209,0
DA:210,0
DA:211,0
DA:212,0
DA:213,0
DA:214,0
DA:216,0
DA:217,0
DA:220,0
DA:221,0
DA:222,0
DA:225,0
DA:227,0
DA:230,0
DA:241,0
DA:244,0
DA:245,0
DA:246,0
DA:247,0
DA:251,0
DA:253,0
DA:255,0
DA:257,0
DA:259,0
DA:260,0
DA:261,0
DA:263,0
DA:266,0
DA:267,0
DA:276,0
DA:277,0
DA:280,0
DA:287,0
DA:290,1
DA:346,0
DA:347,0
DA:349,0
DA:351,0
DA:352,0
DA:354,0
DA:371,0
DA:372,0
DA:373,0
DA:374,0
DA:375,0
DA:376,0
DA:377,0
DA:380,1
DA:438,0
DA:439,0
DA:440,0
DA:458,0
DA:459,0
DA:460,0
DA:461,0
DA:462,0
DA:463,0
DA:466,1
DA:531,0
DA:532,0
DA:534,0
DA:536,0
DA:537,0
DA:539,0
DA:555,0
DA:556,0
DA:557,0
DA:558,0
DA:559,0
DA:560,0
DA:563,0
DA:564,0
DA:567,1
DA:645,0
DA:660,0
DA:677,0
DA:680,1
DA:761,0
DA:762,0
DA:763,0
DA:765,0
DA:766,0
DA:768,0
DA:781,0
DA:782,0
DA:786,0
DA:788,0
DA:789,0
DA:791,0
DA:809,0
DA:811,0
DA:812,0
DA:813,0
DA:815,0
DA:816,0
DA:817,0
DA:818,0
DA:820,0
DA:822,0
DA:826,0
DA:827,0
DA:828,0
DA:829,0
DA:832,1
DA:913,0
DA:914,0
DA:915,0
DA:917,0
DA:918,0
DA:920,0
DA:933,0
DA:934,0
DA:938,0
DA:940,0
DA:941,0
DA:943,0
DA:961,0
DA:962,0
DA:963,0
DA:964,0
DA:966,0
DA:967,0
DA:968,0
DA:969,0
DA:971,0
DA:973,0
DA:977,0
DA:978,0
DA:979,0
DA:980,0
LF:183
LH:21
FN:59,69,_get_acquisition_max_timedelta
FNDA:0,_get_acquisition_max_timedelta
FN:72,104,_enable_multiple_products
FNDA:1,_enable_multiple_products
FN:75,102,_enable_multiple_products.decorator
FNDA:0,_enable_multiple_products.decorator
FN:108,287,find_files
FNDA:0,find_files
FN:290,377,find_closest_start_time
FNDA:0,find_closest_start_time
FN:380,463,find_latest_start_time
FNDA:0,find_latest_start_time
FN:466,564,find_closest_files
FNDA:0,find_closest_files
FN:567,677,find_latest_files
FNDA:0,find_latest_files
FN:680,829,find_previous_files
FNDA:0,find_previous_files
FN:832,980,find_next_files
FNDA:0,find_next_files
FNF:10
FNH:1
end_of_record
SF:goes_api/tests/__init__.py
end_of_record
SF:goes_api/tests/test_checks.py
DA:28,1
DA:32,1
DA:34,1
LF:3
LH:3
FN:32,34,test_dummy
FNDA:1,test_dummy
FNF:1
FNH:1
end_of_record
SF:goes_api/utils/timing.py
DA:7,1
DA:8,1
DA:11,1
DA:12,1
DA:13,0
DA:14,0
DA:15,0
DA:16,0
DA:17,0
DA:18,0
DA:19,0
DA:21,1
LF:12
LH:5
FN:11,21,print_elapsed_time
FNDA:1,print_elapsed_time
FN:12,19,print_elapsed_time.inner
FNDA:0,print_elapsed_time.inner
FNF:2
FNH:1
end_of_record
